[03:26:16] [main/INFO]: Loading Minecraft 1.21.11 with Fabric Loader 0.18.4
[03:26:16] [main/INFO]: Loading 74 mods:
	- c2me 0.4.0-alpha.0.21+1.21.11
	   |-- c2me-base 0.4.0-alpha.0.21+1.21.11
	   |-- c2me-client-uncapvd 0.4.0-alpha.0.21+1.21.11
	   |-- c2me-fixes-chunkio-threading-issues 0.4.0-alpha.0.21+1.21.11
	   |-- c2me-fixes-general-threading-issues 0.4.0-alpha.0.21+1.21.11
	   |-- c2me-fixes-worldgen-threading-issues 0.4.0-alpha.0.21+1.21.11
	   |-- c2me-fixes-worldgen-vanilla-bugs 0.4.0-alpha.0.21+1.21.11
	   |-- c2me-notickvd 0.4.0-alpha.0.21+1.21.11
	   |-- c2me-opts-allocs 0.4.0-alpha.0.21+1.21.11
	   |-- c2me-opts-chunkio 0.4.0-alpha.0.21+1.21.11
	   |-- c2me-opts-math 0.4.0-alpha.0.21+1.21.11
	   |-- c2me-opts-scheduling 0.4.0-alpha.0.21+1.21.11
	   |-- c2me-opts-worldgen-general 0.4.0-alpha.0.21+1.21.11
	   |-- c2me-opts-worldgen-vanilla 0.4.0-alpha.0.21+1.21.11
	   |-- c2me-rewrites-chunk-serializer 0.4.0-alpha.0.21+1.21.11
	   |-- c2me-rewrites-chunk-system 0.4.0-alpha.0.21+1.21.11
	   |-- c2me-rewrites-chunkio 0.4.0-alpha.0.21+1.21.11
	   |-- c2me-server-utils 0.4.0-alpha.0.21+1.21.11
	   |-- c2me-threading-lighting 0.4.0-alpha.0.21+1.21.11
	   |-- com_electronwill_night-config_core 3.6.5
	   |-- com_electronwill_night-config_toml 3.6.5
	   |-- com_github_ben-manes_caffeine_caffeine 3.2.1
	   |-- com_ibm_async_asyncutil 0.1.0
	   |-- com_ishland_c2me_tests_tests 0.4.0-alpha.0.21
	   |-- io_reactivex_rxjava3_rxjava 3.1.12
	   |-- mixinsquared 0.3.7-beta.1
	   |-- net_objecthunter_exp4j 0.4.8
	   |-- org_jctools_jctools-core 4.0.5
	   \-- org_reactivestreams_reactive-streams 1.0.4
	- fabric-api 0.141.5+1.21.11
	   |-- fabric-api-base 1.0.5+4ebb5c083e
	   |-- fabric-api-lookup-api-v1 1.6.114+20dc27073e
	   |-- fabric-biome-api-v1 17.1.1+4fc5413f3e
	   |-- fabric-block-api-v1 1.1.10+4ebb5c083e
	   |-- fabric-block-view-api-v2 1.0.39+4ebb5c083e
	   |-- fabric-command-api-v2 2.4.7+6b42a6003e
	   |-- fabric-content-registries-v0 10.2.14+4fc5413f3e
	   |-- fabric-convention-tags-v1 2.1.55+7f945d5b3e
	   |-- fabric-convention-tags-v2 2.17.3+8ef948ba3e
	   |-- fabric-crash-report-info-v1 0.3.23+4ebb5c083e
	   |-- fabric-data-attachment-api-v1 1.8.48+eed0806f3e
	   |-- fabric-data-generation-api-v1 23.5.0+88d7da613e
	   |-- fabric-dimensions-v1 4.0.28+4fc5413f3e
	   |-- fabric-entity-events-v1 3.1.1+1d0ab4303e
	   |-- fabric-events-interaction-v0 4.1.1+3b89ecf63e
	   |-- fabric-game-rule-api-v1 2.0.3+4fc5413f3e
	   |-- fabric-item-api-v1 11.5.20+d0c46b9e3e
	   |-- fabric-item-group-api-v1 4.2.36+4fc5413f3e
	   |-- fabric-key-binding-api-v1 1.1.7+4fc5413f3e
	   |-- fabric-lifecycle-events-v1 2.6.15+4ebb5c083e
	   |-- fabric-loot-api-v2 3.0.73+3f89f5a53e
	   |-- fabric-loot-api-v3 2.0.20+78c8b4663e
	   |-- fabric-message-api-v1 6.1.12+4ebb5c083e
	   |-- fabric-model-loading-api-v1 6.0.15+4fc5413f3e
	   |-- fabric-networking-api-v1 5.1.6+6b6d71a53e
	   |-- fabric-object-builder-api-v1 21.1.40+4fc5413f3e
	   |-- fabric-particles-v1 4.2.12+4fc5413f3e
	   |-- fabric-recipe-api-v1 8.2.4+4ebb5c083e
	   |-- fabric-registry-sync-v0 6.2.6+1718722b3e
	   |-- fabric-renderer-api-v1 8.0.3+f4ffd2e53e
	   |-- fabric-renderer-indigo 5.0.3+f4ffd2e53e
	   |-- fabric-rendering-fluids-v1 3.1.43+4ebb5c083e
	   |-- fabric-rendering-v1 16.2.10+0290ad933e
	   |-- fabric-resource-conditions-api-v1 5.0.35+4fc5413f3e
	   |-- fabric-resource-loader-v0 3.3.4+4fc5413f3e
	   |-- fabric-resource-loader-v1 1.0.10+78c8b4663e
	   |-- fabric-screen-api-v1 3.1.7+4ebb5c083e
	   |-- fabric-screen-handler-api-v1 1.3.162+4fc5413f3e
	   |-- fabric-serialization-api-v1 1.0.5+4ebb5c083e
	   |-- fabric-sound-api-v1 1.0.51+4fc5413f3e
	   |-- fabric-tag-api-v1 1.3.0+88d7da613e
	   |-- fabric-transfer-api-v1 6.0.25+4fc5413f3e
	   \-- fabric-transitive-access-wideners-v1 7.1.0+014c8cec3e
	- fabricloader 0.18.4
	   \-- mixinextras 0.5.0
	- ferritecore 8.2.0
	- java 21
	- krypton 0.2.10
	   \-- com_velocitypowered_velocity-native 3.4.0-SNAPSHOT
	- lithium 0.21.4+mc1.21.11
	- minecraft 1.21.11
	- noisium 2.8.3+mc1.21.11
[03:26:16] [main/INFO]: SpongePowered MIXIN Subsystem Version=0.8.7 Source=file:/workspaces/ASD/servidor_minecraft/libraries/net/fabricmc/sponge-mixin/0.17.0+mixin.0.8.7/sponge-mixin-0.17.0+mixin.0.8.7.jar Service=Knot/Fabric Env=SERVER
[03:26:16] [main/INFO]: Compatibility level set to JAVA_16
[03:26:16] [main/INFO]: Compatibility level set to JAVA_21
[03:26:16] [main/INFO]: Initializing com.ishland.c2me.base.mixin
[03:26:16] [main/INFO]: Global Executor Parallelism: 3 configured, 3 evaluated, 3 default evaluated
[03:26:16] [main/INFO]: Initializing com.ishland.c2me.fixes.chunkio.threading_issues.mixin
[03:26:16] [main/INFO]: Initializing com.ishland.c2me.fixes.general.threading_issues.mixin
[03:26:16] [main/INFO]: Initializing com.ishland.c2me.fixes.worldgen.threading_issues.mixin
[03:26:16] [main/INFO]: Initializing com.ishland.c2me.fixes.worldgen.vanilla_bugs.mixin
[03:26:16] [main/INFO]: Initializing com.ishland.c2me.notickvd.mixin
[03:26:16] [main/INFO]: Initializing com.ishland.c2me.opts.allocs.mixin
[03:26:16] [main/INFO]: Initializing com.ishland.c2me.opts.chunkio.mixin
[03:26:16] [main/INFO]: Initializing com.ishland.c2me.opts.math.mixin
[03:26:16] [main/INFO]: Initializing com.ishland.c2me.opts.scheduling.mixin
[03:26:16] [main/INFO]: Initializing com.ishland.c2me.opts.worldgen.general.mixin
[03:26:16] [main/INFO]: Initializing com.ishland.c2me.opts.worldgen.vanilla.mixin
[03:26:16] [main/INFO]: Initializing com.ishland.c2me.rewrites.chunk_serializer.mixin
[03:26:16] [main/INFO]: Disabling com.ishland.c2me.rewrites.chunk_serializer.mixin
[03:26:17] [main/INFO]: Initializing com.ishland.c2me.rewrites.chunksystem.mixin
[03:26:17] [main/INFO]: Initializing com.ishland.c2me.rewrites.chunkio.mixin
[03:26:17] [main/INFO]: Initializing com.ishland.c2me.server.utils.mixin
[03:26:17] [main/INFO]: Initializing com.ishland.c2me.threading.lighting.mixin
[03:26:17] [main/INFO]: Loaded configuration file for Lithium: 171 options available, 0 override(s) found.
[03:26:17] [main/WARN]: Error loading class: ca/spottedleaf/starlight/common/integration/v0/ChunkSystemHooks (java.lang.ClassNotFoundException: ca/spottedleaf/starlight/common/integration/v0/ChunkSystemHooks)
[03:26:17] [main/WARN]: @Mixin target ca/spottedleaf/starlight/common/integration/v0/ChunkSystemHooks was not found c2me-rewrites-chunk-system.mixins.json:scalablelux.MixinChunkSystemHooks from mod c2me-rewrites-chunk-system
[03:26:17] [main/WARN]: Error loading class: ca/spottedleaf/starlight/common/thread/SchedulingUtil (java.lang.ClassNotFoundException: ca/spottedleaf/starlight/common/thread/SchedulingUtil)
[03:26:17] [main/WARN]: Error loading class: com/ishland/c2me/opts/accel/opencl/mixin/deobf/MixinNoiseChunkGenerator (java.lang.ClassNotFoundException: com/ishland/c2me/opts/accel/opencl/mixin/deobf/MixinNoiseChunkGenerator)
[03:26:17] [main/INFO]: Initializing MixinExtras via com.llamalad7.mixinextras.service.MixinExtrasServiceImpl(version=0.5.0).
[03:26:23] [main/INFO]: Compression will use libdeflate (Linux x86_64), encryption will use OpenSSL 3.x.x (Linux x86_64)
[03:26:23] [main/INFO]: Loading Noisium.
[03:26:23] [main/INFO]: Loaded Noisium config from resource
[03:26:23] [main/INFO]: Noisium config: noiseChunkGenerator=true, generationShapeConfig=true, chunkSection=true, chainedBlockSource=true, useGuiGraphics=true
[03:26:23] [main/INFO]: Loaded Fabric config from ./config/noisium.json
[03:26:23] [main/INFO]: Krypton is now accelerating your Minecraft server's networking stack 🚀
[03:26:24] [main/INFO]: Environment: Environment[sessionHost=https://sessionserver.mojang.com, servicesHost=https://api.minecraftservices.com, profilesHost=https://api.mojang.com, name=PROD]
[03:26:26] [main/INFO]: Loaded 1470 recipes
[03:26:26] [main/INFO]: Loaded 1584 advancements
[03:26:26] [main/INFO]: Applied 0 biome modifications to 0 of 65 new biomes in 4.340 ms
[03:26:26] [Server thread/INFO]: Starting minecraft server version 1.21.11
[03:26:26] [Server thread/INFO]: Loading properties
[03:26:26] [Server thread/INFO]: Default game type: SURVIVAL
[03:26:26] [Server thread/INFO]: Generating keypair
[03:26:26] [Server thread/INFO]: Starting Minecraft server on *:25565
[03:26:26] [Server thread/INFO]: Preparing level "world"
[03:26:26] [Server thread/INFO]: Enforcing safe world random access
[03:26:26] [Server thread/INFO]: Using TheSpeedyObjectFactory with Unsafe
[03:26:27] [Server thread/INFO]: Loading 0 persistent chunks...
[03:26:27] [Server thread/INFO]: Preparing spawn area: 100%
[03:26:28] [Server thread/INFO]: Time elapsed: 79 ms
[03:26:28] [Server thread/INFO]: Done (1.467s)! For help, type "help"
[03:27:27] [Server thread/INFO]: Server empty for 60 seconds, pausing
[03:30:29] [User Authenticator #1/INFO]: UUID of player f8q2x is 99c1a6c1-dd92-4d9a-bfea-afe95257bbf3
[03:30:33] [Server thread/INFO]: f8q2x[/100.102.235.111:53552] logged in with entity id 99 at (3083.3333333730698, -13.0, 5087.66666662693)
[03:30:33] [Server thread/INFO]: f8q2x joined the game
[03:36:28] [Server thread/INFO]: <f8q2x> 3019 5088
[04:09:02] [Server thread/INFO]: f8q2x lost connection: Disconnected
[04:09:02] [Server thread/INFO]: f8q2x left the game
